<?xml version="1.0" encoding="UTF-8"?>
<testsuite xmlns:xsi="http://www.w3.org/2001/XMLSchema-instance" xsi:schemaLocation="https://maven.apache.org/surefire/maven-surefire-plugin/xsd/surefire-test-report.xsd" name="TestSuite" time="885.505" tests="17" errors="0" skipped="0" failures="0">
  <properties>
    <property name="java.runtime.name" value="Java(TM) SE Runtime Environment"/>
    <property name="java.vm.version" value="15.0.1+9-18"/>
    <property name="sun.boot.library.path" value="C:\Program Files\Java\jdk-15.0.1\bin"/>
    <property name="maven.multiModuleProjectDirectory" value="C:\Users\Devaraj\eclipse-workspace\DollarDaysGithub\DollarDaysMadhu"/>
    <property name="java.vm.vendor" value="Oracle Corporation"/>
    <property name="java.vendor.url" value="https://java.oracle.com/"/>
    <property name="guice.disable.misplaced.annotation.check" value="true"/>
    <property name="path.separator" value=";"/>
    <property name="java.vm.name" value="Java HotSpot(TM) 64-Bit Server VM"/>
    <property name="sun.os.patch.level" value=""/>
    <property name="user.script" value=""/>
    <property name="user.country" value="US"/>
    <property name="sun.java.launcher" value="SUN_STANDARD"/>
    <property name="java.vm.specification.name" value="Java Virtual Machine Specification"/>
    <property name="user.dir" value="C:\Users\Devaraj\eclipse-workspace\DollarDaysGithub\DollarDaysMadhu"/>
    <property name="java.vm.compressedOopsMode" value="32-bit"/>
    <property name="java.runtime.version" value="15.0.1+9-18"/>
    <property name="os.arch" value="amd64"/>
    <property name="java.io.tmpdir" value="C:\Users\Devaraj\AppData\Local\Temp\"/>
    <property name="line.separator" value="&#10;"/>
    <property name="java.vm.specification.vendor" value="Oracle Corporation"/>
    <property name="user.variant" value=""/>
    <property name="os.name" value="Windows 10"/>
    <property name="classworlds.conf" value="C:\Users\Devaraj\eclipse-workspace\.metadata\.plugins\org.eclipse.m2e.launching\launches\m2conf12973406892389776618.tmp"/>
    <property name="sun.jnu.encoding" value="Cp1252"/>
    <property name="java.library.path" value="C:\Program Files\Java\jdk-15.0.1\bin;C:\WINDOWS\Sun\Java\bin;C:\WINDOWS\system32;C:\WINDOWS;C:/Program Files/Java/jdk-15.0.1/bin/server;C:/Program Files/Java/jdk-15.0.1/bin;C:\Program Files (x86)\Common Files\Oracle\Java\javapath;C:\Program Files\Common Files\Oracle\Java\javapath;C:\WINDOWS\system32;C:\WINDOWS;C:\WINDOWS\System32\Wbem;C:\WINDOWS\System32\WindowsPowerShell\v1.0\;C:\Program Files\WIDCOMM\Bluetooth Software\;C:\Program Files\WIDCOMM\Bluetooth Software\syswow64;\;C:\Program Files (x86)\Sony\VAIO Startup Setting Tool;C:\Program Files (x86)\ATI Technologies\ATI.ACE\Core-Static;C:\Program Files (x86)\QuickTime\QTSystem\;C:\Program Files (x86)\Microsoft SQL Server\100\Tools\Binn\;C:\Program Files\Microsoft SQL Server\100\Tools\Binn\;C:\Program Files\Microsoft SQL Server\100\DTS\Binn\;C:\Program Files (x86)\Microsoft SQL Server\100\Tools\Binn\VSShell\Common7\IDE\;C:\Program Files (x86)\Microsoft SQL Server\100\DTS\Binn\;C:\WINDOWS\System32\OpenSSH\;C:\maven\apache-maven-3.6.3\bin;C:\Program Files\Git\cmd;C:\Users\Devaraj\AppData\Local\Microsoft\WindowsApps;;C:\WINDOWS\system32;;."/>
    <property name="jdk.debug" value="release"/>
    <property name="java.class.version" value="59.0"/>
    <property name="java.specification.name" value="Java Platform API Specification"/>
    <property name="sun.management.compiler" value="HotSpot 64-Bit Tiered Compilers"/>
    <property name="os.version" value="10.0"/>
    <property name="user.home" value="C:\Users\Devaraj"/>
    <property name="user.timezone" value="America/Phoenix"/>
    <property name="file.encoding" value="Cp1252"/>
    <property name="java.specification.version" value="15"/>
    <property name="user.name" value="Devaraj"/>
    <property name="java.class.path" value="C:\Users\Devaraj\.p2\pool\plugins\org.eclipse.m2e.maven.runtime_1.16.0.20200610-1735\jars\plexus-classworlds-2.6.0.jar"/>
    <property name="java.vm.specification.version" value="15"/>
    <property name="sun.arch.data.model" value="64"/>
    <property name="sun.java.command" value="org.codehaus.plexus.classworlds.launcher.Launcher -B clean install"/>
    <property name="java.home" value="C:\Program Files\Java\jdk-15.0.1"/>
    <property name="user.language" value="en"/>
    <property name="java.specification.vendor" value="Oracle Corporation"/>
    <property name="java.vm.info" value="mixed mode, sharing"/>
    <property name="java.version" value="15.0.1"/>
    <property name="java.vendor" value="Oracle Corporation"/>
    <property name="maven.home" value="C:\Users\Devaraj\eclipse-workspace\DollarDaysGithub\DollarDaysMadhu\EMBEDDED"/>
    <property name="file.separator" value="\"/>
    <property name="java.version.date" value="2020-10-20"/>
    <property name="java.vendor.url.bug" value="https://bugreport.java.com/bugreport/"/>
    <property name="sun.io.unicode.encoding" value="UnicodeLittle"/>
    <property name="sun.cpu.endian" value="little"/>
    <property name="sun.cpu.isalist" value="amd64"/>
  </properties>
  <testcase name="addressBookCreate" classname="com.dollardays.testcases.MyAddressBookTestCase" time="42.469"/>
  <testcase name="addressBookCreate" classname="com.dollardays.testcases.MyAddressBookTestCase" time="41.312"/>
  <testcase name="addressBookCreate" classname="com.dollardays.testcases.MyAddressBookTestCase" time="39.75"/>
  <testcase name="addressBookCreate" classname="com.dollardays.testcases.MyAddressBookTestCase" time="51.135"/>
  <testcase name="addressBookCreate" classname="com.dollardays.testcases.MyAddressBookTestCase" time="42.181"/>
  <testcase name="addressBookLastCancel" classname="com.dollardays.testcases.MyAddressBookTestCase" time="36.142"/>
  <testcase name="addressBookLastCancel" classname="com.dollardays.testcases.MyAddressBookTestCase" time="35.378"/>
  <testcase name="addressBookLastCancel" classname="com.dollardays.testcases.MyAddressBookTestCase" time="40.382"/>
  <testcase name="addressBookLastCancel" classname="com.dollardays.testcases.MyAddressBookTestCase" time="37.137"/>
  <testcase name="addressBookLastCancel" classname="com.dollardays.testcases.MyAddressBookTestCase" time="37.117"/>
  <testcase name="login" classname="com.dollardays.testcases.MyAddressBookTestCase" time="9.863"/>
  <testcase name="addWallet" classname="com.dollardays.testcases.MyWalletTestcase" time="39.494"/>
  <testcase name="addWallet" classname="com.dollardays.testcases.MyWalletTestcase" time="38.102"/>
  <testcase name="cancelWalletAdd" classname="com.dollardays.testcases.MyWalletTestcase" time="33.999"/>
  <testcase name="cancelWalletAdd" classname="com.dollardays.testcases.MyWalletTestcase" time="33.695"/>
  <testcase name="editWallet" classname="com.dollardays.testcases.MyWalletTestcase" time="37.943"/>
  <testcase name="editWallet" classname="com.dollardays.testcases.MyWalletTestcase" time="34.133"/>
</testsuite>