<?xml version="1.0" encoding="UTF-8"?>
<!-- Generated by org.testng.reporters.JUnitReportReporter -->
<testsuite hostname="Devaraj-VAIO" failures="0" tests="2" name="com.dollardays.testcases.MyAddressBookTestCase" time="37.714" errors="0" timestamp="2020-12-16T14:49:26 MST" skipped="0">
  <testcase classname="com.dollardays.testcases.MyAddressBookTestCase" name="newAddressBook" time="19.442"/>
  <system-out/>
  <testcase classname="com.dollardays.testcases.MyAddressBookTestCase" name="invokeLogin" time="18.272"/>
  <system-out/>
</testsuite> <!-- com.dollardays.testcases.MyAddressBookTestCase -->
