<?xml version="1.0" encoding="UTF-8"?>
<!-- Generated by org.testng.reporters.JUnitReportReporter -->
<testsuite hostname="Devaraj-VAIO" failures="0" tests="6" name="com.dollardays.testcases.MyWalletTestcase" time="307.089" errors="0" timestamp="10 Jan 2021 21:20:20 GMT" skipped="0">
  <testcase classname="com.dollardays.testcases.MyWalletTestcase" name="editWallet" time="52.923"/>
  <testcase classname="com.dollardays.testcases.MyWalletTestcase" name="addWallet" time="52.525"/>
  <testcase classname="com.dollardays.testcases.MyWalletTestcase" name="cancelWalletAdd" time="48.584"/>
  <testcase classname="com.dollardays.testcases.MyWalletTestcase" name="cancelWalletAdd" time="49.169"/>
  <testcase classname="com.dollardays.testcases.MyWalletTestcase" name="editWallet" time="50.158"/>
  <testcase classname="com.dollardays.testcases.MyWalletTestcase" name="addWallet" time="53.730"/>
</testsuite> <!-- com.dollardays.testcases.MyWalletTestcase -->
