<?xml version="1.0" encoding="UTF-8"?>
<!-- Generated by org.testng.reporters.JUnitReportReporter -->
<testsuite hostname="Devaraj-VAIO" failures="0" tests="1" name="com.dollardays.testcases.MyWalletTestcase" time="42.350" errors="0" timestamp="06 Jan 2021 00:11:04 GMT" skipped="0">
  <testcase classname="com.dollardays.testcases.MyWalletTestcase" name="walletDelete" time="42.350"/>
</testsuite> <!-- com.dollardays.testcases.MyWalletTestcase -->
